<?xml version="1.0" encoding="UTF-8"?>
<!-- Generated by org.testng.reporters.JUnitXMLReporter -->
<testsuite ignored="1" hostname="DESKTOP-18KB1V5" failures="0" tests="1" name="Default test" time="0.18" errors="0" timestamp="2021-12-27T18:10:28 EST">
  <testcase classname="com.QuitrixAutomation.JavaIO" name="canReadCsvFile" time="0.087"/>
  <testcase classname="com.QuitrixAutomation.JavaIO" name="canGetBrowserType" time="0.0">
    <ignored/>
  </testcase> <!-- canGetBrowserType -->
</testsuite> <!-- Default test -->
