<?xml version="1.0" encoding="UTF-8"?>
<!-- Generated by org.testng.reporters.JUnitXMLReporter -->
<testsuite ignored="2" hostname="DESKTOP-18KB1V5" failures="0" tests="1" name="Default test" time="0.116" errors="0" timestamp="2021-12-31T23:40:44 EST">
  <testcase classname="com.QuitrixAutomation.JavaIO" name="canHydrateObject" time="0.025"/>
  <testcase classname="com.QuitrixAutomation.JavaIO" name="canGetBrowserType" time="0.0">
    <ignored/>
  </testcase> <!-- canGetBrowserType -->
  <testcase classname="com.QuitrixAutomation.JavaIO" name="canReadBasses" time="0.0">
    <ignored/>
  </testcase> <!-- canReadBasses -->
</testsuite> <!-- Default test -->
