<?xml version="1.0" encoding="UTF-8"?>
<testng-results ignored="0" total="1" passed="1" failed="0" skipped="0">
  <reporter-output>
  </reporter-output>
  <suite started-at="2022-02-06T23:32:55 EST" name="Default suite" finished-at="2022-02-06T23:32:55 EST" duration-ms="113">
    <groups>
    </groups>
    <test started-at="2022-02-06T23:32:55 EST" name="Default test" finished-at="2022-02-06T23:32:55 EST" duration-ms="113">
      <class name="com.review.NewTest">
        <test-method is-config="true" signature="beforeTest()[pri:0, instance:com.review.NewTest@20f5239f]" started-at="2022-02-06T23:32:55 EST" name="beforeTest" finished-at="2022-02-06T23:32:55 EST" duration-ms="17" status="PASS">
          <reporter-output>
          </reporter-output>
        </test-method> <!-- beforeTest -->
        <test-method is-config="true" signature="beforeClass()[pri:0, instance:com.review.NewTest@20f5239f]" started-at="2022-02-06T23:32:55 EST" name="beforeClass" finished-at="2022-02-06T23:32:55 EST" duration-ms="1" status="PASS">
          <reporter-output>
          </reporter-output>
        </test-method> <!-- beforeClass -->
        <test-method is-config="true" signature="beforeMethod()[pri:0, instance:com.review.NewTest@20f5239f]" started-at="2022-02-06T23:32:55 EST" name="beforeMethod" finished-at="2022-02-06T23:32:55 EST" duration-ms="0" status="PASS">
          <reporter-output>
          </reporter-output>
        </test-method> <!-- beforeMethod -->
        <test-method signature="Test()[pri:0, instance:com.review.NewTest@20f5239f]" started-at="2022-02-06T23:32:55 EST" name="Test" finished-at="2022-02-06T23:32:55 EST" duration-ms="19" status="PASS">
          <reporter-output>
          </reporter-output>
        </test-method> <!-- Test -->
        <test-method is-config="true" signature="afterMethod()[pri:0, instance:com.review.NewTest@20f5239f]" started-at="2022-02-06T23:32:55 EST" name="afterMethod" finished-at="2022-02-06T23:32:55 EST" duration-ms="1" status="PASS">
          <reporter-output>
          </reporter-output>
        </test-method> <!-- afterMethod -->
        <test-method is-config="true" signature="afterClass()[pri:0, instance:com.review.NewTest@20f5239f]" started-at="2022-02-06T23:32:55 EST" name="afterClass" finished-at="2022-02-06T23:32:55 EST" duration-ms="1" status="PASS">
          <reporter-output>
          </reporter-output>
        </test-method> <!-- afterClass -->
        <test-method is-config="true" signature="afterTest()[pri:0, instance:com.review.NewTest@20f5239f]" started-at="2022-02-06T23:32:55 EST" name="afterTest" finished-at="2022-02-06T23:32:55 EST" duration-ms="0" status="PASS">
          <reporter-output>
          </reporter-output>
        </test-method> <!-- afterTest -->
      </class> <!-- com.review.NewTest -->
    </test> <!-- Default test -->
  </suite> <!-- Default suite -->
</testng-results>
