<?xml version="1.0" encoding="UTF-8"?>
<testng-results ignored="0" total="1" passed="1" failed="0" skipped="0">
  <reporter-output>
  </reporter-output>
  <suite started-at="2021-12-31T16:28:19 EST" name="Default suite" finished-at="2021-12-31T16:28:19 EST" duration-ms="101">
    <groups>
    </groups>
    <test started-at="2021-12-31T16:28:19 EST" name="Default test" finished-at="2021-12-31T16:28:19 EST" duration-ms="101">
      <class name="quintrix.Assignment.NewTest">
        <test-method signature="f()[pri:0, instance:quintrix.Assignment.NewTest@d6e7bab]" started-at="2021-12-31T16:28:19 EST" name="f" finished-at="2021-12-31T16:28:19 EST" duration-ms="33" status="PASS">
          <reporter-output>
          </reporter-output>
        </test-method> <!-- f -->
      </class> <!-- quintrix.Assignment.NewTest -->
    </test> <!-- Default test -->
  </suite> <!-- Default suite -->
</testng-results>
