<?xml version="1.0" encoding="UTF-8"?>
<!-- Generated by org.testng.reporters.JUnitXMLReporter -->
<testsuite ignored="1" hostname="DESKTOP-18KB1V5" failures="0" tests="1" name="Default test" time="7.997" errors="0" timestamp="2022-01-02T17:06:38 EST">
  <testcase classname="com.Selenium.SeleniumTest" name="canClickButton" time="0.132"/>
  <testcase classname="com.Selenium.SeleniumTest" name="canValidateUrl" time="0.0">
    <ignored/>
  </testcase> <!-- canValidateUrl -->
</testsuite> <!-- Default test -->
