<?xml version="1.0" encoding="UTF-8"?>
<testng-results ignored="0" total="1" passed="1" failed="0" skipped="0">
  <reporter-output>
  </reporter-output>
  <suite started-at="2022-01-07T17:08:12 EST" name="Default suite" finished-at="2022-01-07T17:08:20 EST" duration-ms="8098">
    <groups>
    </groups>
    <test started-at="2022-01-07T17:08:12 EST" name="Default test" finished-at="2022-01-07T17:08:20 EST" duration-ms="8098">
      <class name="com.HyperLinksTests.HyperLinkTest">
        <test-method is-config="true" signature="setUp()[pri:0, instance:com.HyperLinksTests.HyperLinkTest@2bfc268b]" started-at="2022-01-07T17:08:12 EST" name="setUp" finished-at="2022-01-07T17:08:14 EST" duration-ms="2162" status="PASS">
          <reporter-output>
          </reporter-output>
        </test-method> <!-- setUp -->
        <test-method signature="canTestHyperLinks()[pri:0, instance:com.HyperLinksTests.HyperLinkTest@2bfc268b]" started-at="2022-01-07T17:08:14 EST" name="canTestHyperLinks" finished-at="2022-01-07T17:08:20 EST" duration-ms="5870" status="PASS">
          <reporter-output>
          </reporter-output>
        </test-method> <!-- canTestHyperLinks -->
        <test-method is-config="true" signature="tearDown()[pri:0, instance:com.HyperLinksTests.HyperLinkTest@2bfc268b]" started-at="2022-01-07T17:08:20 EST" name="tearDown" finished-at="2022-01-07T17:08:20 EST" duration-ms="1" status="PASS">
          <reporter-output>
          </reporter-output>
        </test-method> <!-- tearDown -->
      </class> <!-- com.HyperLinksTests.HyperLinkTest -->
    </test> <!-- Default test -->
  </suite> <!-- Default suite -->
</testng-results>
