<?xml version="1.0" encoding="UTF-8"?>
<testng-results ignored="2" total="3" passed="1" failed="0" skipped="0">
  <reporter-output>
  </reporter-output>
  <suite started-at="2021-12-31T23:40:44 EST" name="Default suite" finished-at="2021-12-31T23:40:44 EST" duration-ms="116">
    <groups>
    </groups>
    <test started-at="2021-12-31T23:40:44 EST" name="Default test" finished-at="2021-12-31T23:40:44 EST" duration-ms="116">
      <class name="com.QuitrixAutomation.JavaIO">
        <test-method signature="canHydrateObject()[pri:0, instance:com.QuitrixAutomation.JavaIO@482bce4f]" started-at="2021-12-31T23:40:44 EST" name="canHydrateObject" finished-at="2021-12-31T23:40:44 EST" duration-ms="25" status="PASS">
          <reporter-output>
          </reporter-output>
        </test-method> <!-- canHydrateObject -->
      </class> <!-- com.QuitrixAutomation.JavaIO -->
    </test> <!-- Default test -->
  </suite> <!-- Default suite -->
</testng-results>
